This is pdfTeX, Version 3.1415926-1.40.10 (TeX Live 2009) (format=pdflatex 2009.11.7)  25 JUL 2013 17:56
entering extended mode
 \write18 enabled.
 file:line:error style messages enabled.
 %&-line parsing enabled.
**dissertation.tex
(./dissertation.tex
LaTeX2e <2009/09/24>
Babel <v3.8l> and hyphenation patterns for english, usenglishmax, dumylang, noh
yphenation, german-x-2009-06-19, ngerman-x-2009-06-19, ancientgreek, ibycus, ar
abic, basque, bulgarian, catalan, pinyin, coptic, croatian, czech, danish, dutc
h, esperanto, estonian, farsi, finnish, french, galician, german, ngerman, mono
greek, greek, hungarian, icelandic, indonesian, interlingua, irish, italian, ku
rmanji, latin, latvian, lithuanian, mongolian, mongolian2a, bokmal, nynorsk, po
lish, portuguese, romanian, russian, sanskrit, serbian, slovak, slovenian, span
ish, swedish, turkish, ukenglish, ukrainian, uppersorbian, welsh, loaded.
(/usr/local/texlive/2009/texmf-dist/tex/latex/base/article.cls
Document Class: article 2007/10/19 v1.4h Standard LaTeX document class
(/usr/local/texlive/2009/texmf-dist/tex/latex/base/size12.clo
File: size12.clo 2007/10/19 v1.4h Standard LaTeX file (size option)
)
\c@part=\count79
\c@section=\count80
\c@subsection=\count81
\c@subsubsection=\count82
\c@paragraph=\count83
\c@subparagraph=\count84
\c@figure=\count85
\c@table=\count86
\abovecaptionskip=\skip41
\belowcaptionskip=\skip42
\bibindent=\dimen102
)
(./packages/thesis.sty (./packages/unccspecs.sty
(/usr/local/texlive/2009/texmf-dist/tex/latex/setspace/setspace.sty
Package: setspace 2000/12/01 6.7 Contributed and Supported LaTeX2e package

Package: `setspace' 6.7 <2000/12/01>
) (/usr/local/texlive/2009/texmf-dist/tex/latex/titlesec/titlesec.sty
Package: titlesec 2007/08/12 v2.8 Sectioning titles
\ttl@box=\box26
\beforetitleunit=\skip43
\aftertitleunit=\skip44
\ttl@plus=\dimen103
\ttl@minus=\dimen104
\ttl@toksa=\toks14
\titlewidth=\dimen105
\titlewidthlast=\dimen106
\titlewidthfirst=\dimen107
)
(/usr/local/texlive/2009/texmf-dist/tex/latex/titlesec/titletoc.sty
Package: titletoc 2007/08/12 v1.6 TOC entries
\ttl@leftsep=\dimen108
)
(/usr/local/texlive/2009/texmf-dist/tex/latex/base/ifthen.sty
Package: ifthen 2001/05/26 v1.1c Standard LaTeX ifthen package (DPC)
)
(/usr/local/texlive/2009/texmf-dist/tex/latex/psfrag/psfrag.sty
Package: psfrag 1998/04/11 v3.04 PSfrag (MCG)

(/usr/local/texlive/2009/texmf-dist/tex/latex/graphics/graphics.sty
Package: graphics 2009/02/05 v1.0o Standard LaTeX Graphics (DPC,SPQR)

(/usr/local/texlive/2009/texmf-dist/tex/latex/graphics/trig.sty
Package: trig 1999/03/16 v1.09 sin cos tan (DPC)
)
(/usr/local/texlive/2009/texmf-dist/tex/latex/latexconfig/graphics.cfg
File: graphics.cfg 2009/08/28 v1.8 graphics configuration of TeX Live
)
Package graphics Info: Driver file: pdftex.def on input line 91.

(/usr/local/texlive/2009/texmf-dist/tex/latex/pdftex-def/pdftex.def
File: pdftex.def 2009/08/25 v0.04m Graphics/color for pdfTeX
\Gread@gobject=\count87
))
\pfg@pcount=\count88
\pfg@scount=\count89
\pfg@temp=\write3
)
\c@bodychapter=\count90
\c@bodysection=\count91
\c@bodysubsection=\count92
\c@bodysubsubsection=\count93

(/usr/local/texlive/2009/texmf-dist/tex/latex/titlesec/block.tss
File: block.tss 2007/08/12
))
(/usr/local/texlive/2009/texmf-dist/tex/latex/graphics/graphicx.sty
Package: graphicx 1999/02/16 v1.0f Enhanced LaTeX Graphics (DPC,SPQR)

(/usr/local/texlive/2009/texmf-dist/tex/latex/graphics/keyval.sty
Package: keyval 1999/03/16 v1.13 key=value parser (DPC)
\KV@toks@=\toks15
)
\Gin@req@height=\dimen109
\Gin@req@width=\dimen110
)
(/usr/local/texlive/2009/texmf-dist/tex/latex/pstricks/pstricks.sty
Package: pstricks 2008/11/26 v0.40 LaTeX wrapper for `PSTricks' (RN,HV)

(/usr/local/texlive/2009/texmf-dist/tex/generic/pstricks/pstricks.tex
`PSTricks' v1.29  <2009/05/19> (tvz)
\pst@dima=\dimen111
\pst@dimb=\dimen112
\pst@dimc=\dimen113
\pst@dimd=\dimen114
\pst@dimg=\dimen115
\pst@dimh=\dimen116
\pst@hbox=\box27
\pst@boxg=\box28
\pst@cnta=\count94
\pst@cntb=\count95
\pst@cntc=\count96
\pst@cntd=\count97
\pst@cntg=\count98
\pst@cnth=\count99
\pst@toks=\toks16
(/usr/local/texlive/2009/texmf-dist/tex/generic/pstricks/pstricks.con)
\psunit=\dimen117
\psxunit=\dimen118
\psyunit=\dimen119
\pslinewidth=\dimen120
\pst@customdefs=\toks17
\pslinearc=\dimen121
\everypsbox=\toks18
\psframesep=\dimen122
\pslabelsep=\dimen123
\pst@shift=\dimen124
\theoverlaybox=\box29
)
File: pstricks.tex 2009/05/19 v1.29 `PSTricks' (tvz,hv)

(/usr/local/texlive/2009/texmf-dist/tex/latex/xcolor/xcolor.sty
Package: xcolor 2007/01/21 v2.11 LaTeX color extensions (UK)

(/usr/local/texlive/2009/texmf-dist/tex/latex/latexconfig/color.cfg
File: color.cfg 2007/01/18 v1.5 color configuration of teTeX/TeXLive
)
Package xcolor Info: Package option `pdf' ignored on input line 216.
Package xcolor Info: Driver file: pdftex.def on input line 225.
Package xcolor Info: Model `cmy' substituted by `cmy0' on input line 1337.
Package xcolor Info: Model `hsb' substituted by `rgb' on input line 1341.
Package xcolor Info: Model `RGB' extended on input line 1353.
Package xcolor Info: Model `HTML' substituted by `rgb' on input line 1355.
Package xcolor Info: Model `Hsb' substituted by `hsb' on input line 1356.
Package xcolor Info: Model `tHsb' substituted by `hsb' on input line 1357.
Package xcolor Info: Model `HSB' substituted by `hsb' on input line 1358.
Package xcolor Info: Model `Gray' substituted by `gray' on input line 1359.
Package xcolor Info: Model `wave' substituted by `hsb' on input line 1360.
))
(/usr/local/texlive/2009/texmf-dist/tex/latex/auto-pst-pdf/auto-pst-pdf.sty
Package: auto-pst-pdf 2009/04/26 v0.6 Wrapper for pst-pdf

(/usr/local/texlive/2009/texmf-dist/tex/generic/oberdiek/ifpdf.sty
Package: ifpdf 2009/04/10 v2.0 Provides the ifpdf switch (HO)
Package ifpdf Info: pdfTeX in pdf mode detected.
)
(/usr/local/texlive/2009/texmf-dist/tex/latex/xkeyval/xkeyval.sty
Package: xkeyval 2008/08/13 v2.6a package option processing (HA)

(/usr/local/texlive/2009/texmf-dist/tex/generic/xkeyval/xkeyval.tex
\XKV@toks=\toks19
\XKV@tempa@toks=\toks20
\XKV@depth=\count100
File: xkeyval.tex 2008/08/13 v2.6a key=value parser (HA)
))
(/usr/local/texlive/2009/texmf-dist/tex/latex/ifplatform/ifplatform.sty
Package: ifplatform 2009/09/10 v0.3a Testing for the operating system

(/usr/local/texlive/2009/texmf-dist/tex/generic/oberdiek/pdftexcmds.sty
Package: pdftexcmds 2009/09/23 v0.6 LuaTeX support for pdfTeX utility functions
 (HO)

(/usr/local/texlive/2009/texmf-dist/tex/generic/oberdiek/infwarerr.sty
Package: infwarerr 2007/09/09 v1.2 Providing info/warning/message (HO)
)
(/usr/local/texlive/2009/texmf-dist/tex/generic/oberdiek/ifluatex.sty
Package: ifluatex 2009/04/17 v1.2 Provides the ifluatex switch (HO)
Package ifluatex Info: LuaTeX not detected.
)
(/usr/local/texlive/2009/texmf-dist/tex/generic/oberdiek/ltxcmds.sty
Package: ltxcmds 2009/08/05 v1.0 Some LaTeX kernel commands for general use (HO
)
)
Package pdftexcmds Info: LuaTeX not detected.
Package pdftexcmds Info: \pdf@primitive is available.
Package pdftexcmds Info: \pdf@ifprimitive is available.
)
(/usr/local/texlive/2009/texmf-dist/tex/generic/oberdiek/catchfile.sty
Package: catchfile 2007/11/11 v1.2 Catches the contents of a file (HO)
)
runsystem(uname -s > "dissertation.w18")...executed.


(./dissertation.w18)
runsystem(rm -- "dissertation.w18")...executed.

)
\c@app@runs=\count101

(/usr/local/texlive/2009/texmf-dist/tex/latex/pst-pdf/pst-pdf.sty
Package: pst-pdf 2008/10/09 v1.1v PS graphics for pdfLaTeX (RN,HjG)
\c@pspicture=\count102
Package pst-pdf Info: MODE: 1 (pdfTeX mode) on input line 214.
\ppf@output=\toks21

(/usr/local/texlive/2009/texmf-dist/tex/latex/preview/preview.sty
Package: preview 2006/08/25 11.84 (AUCTeX/preview-latex)
\pr@snippet=\count103
\pr@box=\box30
\pr@output=\toks22
)
(/usr/local/texlive/2009/texmf-dist/tex/latex/graphics/dvips.def
File: dvips.def 1999/02/16 v3.0i Driver-dependant file (DPC,SPQR)
)
(/usr/local/texlive/2009/texmf-dist/tex/latex/environ/environ.sty
Package: environ 2008/06/18 v0.2 A new way to define environments
\@emptytoks=\toks23
\@envbody=\toks24
)))
(/usr/local/texlive/2009/texmf-dist/tex/latex/pstricks/pst-node.sty
Package: pst-node 2006/01/01 package wrapper for pst-node.tex

(/usr/local/texlive/2009/texmf-dist/tex/generic/pstricks/pst-node.tex
 v1.01, 2008/11/26
\psrow=\count104
\pscol=\count105
\psmatrixcnt=\count106
\psrowsep=\skip45
\pscolsep=\skip46
)
File: pst-node.tex 2008/11/26 1.01 `pst-node' (tvz)
)
(/usr/local/texlive/2009/texmf-dist/tex/latex/pst-tree/pst-tree.sty
Package: pst-tree 2009/01/25 package wrapper for pst-tree.tex

(/usr/local/texlive/2009/texmf-dist/tex/generic/pst-tree/pst-tree.tex
(/usr/local/texlive/2009/texmf-dist/tex/generic/xkeyval/pst-xkey.tex
File: pst-xkey.tex 2005/11/25 v1.6 PSTricks specialization of xkeyval (HA)
)
 v1.11, 2009/09/17(tvz,dg,hv)
\pstree@rootbox=\box31
\pstree@box=\box32
\psnodecnt=\count107
\pstreelevel=\count108
\pstreecnt=\count109
\pstree@cnt=\count110
\pstree@stop=\count111
)
File: pst-tree.tex 2009/09/17 1.11 `pst-tree' (tvz,hv)
)
(/usr/local/texlive/2009/texmf-dist/tex/latex/pstricks/pst-plot.sty
Package: pst-plot 2004/07/15 package wrapper for pst-plot.tex

(/usr/local/texlive/2009/texmf-dist/tex/generic/pstricks/pst-plot.tex
(/usr/local/texlive/2009/texmf-dist/tex/generic/multido/multido.tex
 v1.41, 2004/05/18 <tvz>
\multido@count=\count112
\multidocount=\count113
\multido@stuff=\toks25
)  v1.04, 2009/06/08)
File: pst-plot.tex 2009/06/08 1.04 `pst-plot' (tvz)
)
(/usr/local/texlive/2009/texmf-dist/tex/latex/amsmath/amsmath.sty
Package: amsmath 2000/07/18 v2.13 AMS math features
\@mathmargin=\skip47

For additional information on amsmath, use the `?' option.
(/usr/local/texlive/2009/texmf-dist/tex/latex/amsmath/amstext.sty
Package: amstext 2000/06/29 v2.01

(/usr/local/texlive/2009/texmf-dist/tex/latex/amsmath/amsgen.sty
File: amsgen.sty 1999/11/30 v2.0
\@emptytoks=\toks26
\ex@=\dimen125
))
(/usr/local/texlive/2009/texmf-dist/tex/latex/amsmath/amsbsy.sty
Package: amsbsy 1999/11/29 v1.2d
\pmbraise@=\dimen126
)
(/usr/local/texlive/2009/texmf-dist/tex/latex/amsmath/amsopn.sty
Package: amsopn 1999/12/14 v2.01 operator names
)
\inf@bad=\count114
LaTeX Info: Redefining \frac on input line 211.
\uproot@=\count115
\leftroot@=\count116
LaTeX Info: Redefining \overline on input line 307.
\classnum@=\count117
\DOTSCASE@=\count118
LaTeX Info: Redefining \ldots on input line 379.
LaTeX Info: Redefining \dots on input line 382.
LaTeX Info: Redefining \cdots on input line 467.
\Mathstrutbox@=\box33
\strutbox@=\box34
\big@size=\dimen127
LaTeX Font Info:    Redeclaring font encoding OML on input line 567.
LaTeX Font Info:    Redeclaring font encoding OMS on input line 568.
\macc@depth=\count119
\c@MaxMatrixCols=\count120
\dotsspace@=\muskip10
\c@parentequation=\count121
\dspbrk@lvl=\count122
\tag@help=\toks27
\row@=\count123
\column@=\count124
\maxfields@=\count125
\andhelp@=\toks28
\eqnshift@=\dimen128
\alignsep@=\dimen129
\tagshift@=\dimen130
\tagwidth@=\dimen131
\totwidth@=\dimen132
\lineht@=\dimen133
\@envbody=\toks29
\multlinegap=\skip48
\multlinetaggap=\skip49
\mathdisplay@stack=\toks30
LaTeX Info: Redefining \[ on input line 2666.
LaTeX Info: Redefining \] on input line 2667.
)
(/usr/local/texlive/2009/texmf-dist/tex/latex/amsfonts/amsfonts.sty
Package: amsfonts 2009/06/22 v3.00 Basic AMSFonts support
\symAMSa=\mathgroup4
\symAMSb=\mathgroup5
LaTeX Font Info:    Overwriting math alphabet `\mathfrak' in version `bold'
(Font)                  U/euf/m/n --> U/euf/b/n on input line 96.
)
(/usr/local/texlive/2009/texmf-dist/tex/latex/tools/verbatim.sty
Package: verbatim 2003/08/22 v1.5q LaTeX2e package for verbatim enhancements
\every@verbatim=\toks31
\verbatim@line=\toks32
\verbatim@in@stream=\read1
)
\c@bibitemcounter=\count126
\c@savedstepone=\count127
\c@savedsteptwo=\count128
\c@chapter=\count129
)
(/usr/local/texlive/2009/texmf-dist/tex/latex/caption/caption.sty
Package: caption 2009/10/09 v3.1k Customizing captions (AR)

(/usr/local/texlive/2009/texmf-dist/tex/latex/caption/caption3.sty
Package: caption3 2009/10/09 v3.1k caption3 kernel (AR)
\captionmargin=\dimen134
\captionmargin@=\dimen135
\captionwidth=\dimen136
\caption@indent=\dimen137
\caption@parindent=\dimen138
\caption@hangindent=\dimen139
)
\c@ContinuedFloat=\count130
)
(/usr/local/texlive/2009/texmf-dist/tex/latex/psnfss/mathptmx.sty
Package: mathptmx 2005/04/12 PSNFSS-v9.2a Times w/ Math, improved (SPQR, WaS) 
LaTeX Font Info:    Redeclaring symbol font `operators' on input line 28.
LaTeX Font Info:    Overwriting symbol font `operators' in version `normal'
(Font)                  OT1/cmr/m/n --> OT1/ztmcm/m/n on input line 28.
LaTeX Font Info:    Overwriting symbol font `operators' in version `bold'
(Font)                  OT1/cmr/bx/n --> OT1/ztmcm/m/n on input line 28.
LaTeX Font Info:    Redeclaring symbol font `letters' on input line 29.
LaTeX Font Info:    Overwriting symbol font `letters' in version `normal'
(Font)                  OML/cmm/m/it --> OML/ztmcm/m/it on input line 29.
LaTeX Font Info:    Overwriting symbol font `letters' in version `bold'
(Font)                  OML/cmm/b/it --> OML/ztmcm/m/it on input line 29.
LaTeX Font Info:    Redeclaring symbol font `symbols' on input line 30.
LaTeX Font Info:    Overwriting symbol font `symbols' in version `normal'
(Font)                  OMS/cmsy/m/n --> OMS/ztmcm/m/n on input line 30.
LaTeX Font Info:    Overwriting symbol font `symbols' in version `bold'
(Font)                  OMS/cmsy/b/n --> OMS/ztmcm/m/n on input line 30.
LaTeX Font Info:    Redeclaring symbol font `largesymbols' on input line 31.
LaTeX Font Info:    Overwriting symbol font `largesymbols' in version `normal'
(Font)                  OMX/cmex/m/n --> OMX/ztmcm/m/n on input line 31.
LaTeX Font Info:    Overwriting symbol font `largesymbols' in version `bold'
(Font)                  OMX/cmex/m/n --> OMX/ztmcm/m/n on input line 31.
\symbold=\mathgroup6
\symitalic=\mathgroup7
LaTeX Font Info:    Redeclaring math alphabet \mathbf on input line 34.
LaTeX Font Info:    Overwriting math alphabet `\mathbf' in version `normal'
(Font)                  OT1/cmr/bx/n --> OT1/ptm/bx/n on input line 34.
LaTeX Font Info:    Overwriting math alphabet `\mathbf' in version `bold'
(Font)                  OT1/cmr/bx/n --> OT1/ptm/bx/n on input line 34.
LaTeX Font Info:    Redeclaring math alphabet \mathit on input line 35.
LaTeX Font Info:    Overwriting math alphabet `\mathit' in version `normal'
(Font)                  OT1/cmr/m/it --> OT1/ptm/m/it on input line 35.
LaTeX Font Info:    Overwriting math alphabet `\mathit' in version `bold'
(Font)                  OT1/cmr/bx/it --> OT1/ptm/m/it on input line 35.
LaTeX Info: Redefining \hbar on input line 50.
)
(/usr/local/texlive/2009/texmf-dist/tex/latex/subfigure/subfigure.sty
Package: subfigure 2002/03/15 v2.1.5 subfigure package
\subfigtopskip=\skip50
\subfigcapskip=\skip51
\subfigcaptopadj=\dimen140
\subfigbottomskip=\skip52
\subfigcapmargin=\dimen141
\subfiglabelskip=\skip53
\c@subfigure=\count131
\c@lofdepth=\count132
\c@subtable=\count133
\c@lotdepth=\count134

****************************************
* Local config file subfigure.cfg used *
****************************************
(/usr/local/texlive/2009/texmf-dist/tex/latex/subfigure/subfigure.cfg)
\subfig@top=\skip54
\subfig@bottom=\skip55
)
(/usr/local/texlive/2009/texmf-dist/tex/latex/hyperref/hyperref.sty
Package: hyperref 2009/10/09 v6.79a Hypertext links for LaTeX

(/usr/local/texlive/2009/texmf-dist/tex/generic/oberdiek/ifvtex.sty
Package: ifvtex 2008/11/04 v1.4 Switches for detecting VTeX and its modes (HO)
Package ifvtex Info: VTeX not detected.
)
(/usr/local/texlive/2009/texmf-dist/tex/generic/ifxetex/ifxetex.sty
Package: ifxetex 2009/01/23 v0.5 Provides ifxetex conditional
)
(/usr/local/texlive/2009/texmf-dist/tex/latex/oberdiek/hycolor.sty
Package: hycolor 2009/10/02 v1.5 Code for color options of hyperref/bookmark (H
O)

(/usr/local/texlive/2009/texmf-dist/tex/latex/oberdiek/xcolor-patch.sty
Package: xcolor-patch 2009/10/02 xcolor patch
))
\@linkdim=\dimen142
\Hy@linkcounter=\count135
\Hy@pagecounter=\count136

(/usr/local/texlive/2009/texmf-dist/tex/latex/hyperref/pd1enc.def
File: pd1enc.def 2009/10/09 v6.79a Hyperref: PDFDocEncoding definition (HO)
)
(/usr/local/texlive/2009/texmf-dist/tex/generic/oberdiek/etexcmds.sty
Package: etexcmds 2007/12/12 v1.2 Prefix for e-TeX command names (HO)
Package etexcmds Info: Could not find \expanded.
(etexcmds)             That can mean that you are not using pdfTeX 1.50 or
(etexcmds)             that some package has redefined \expanded.
(etexcmds)             In the latter case, load this package earlier.
)
(/usr/local/texlive/2009/texmf-dist/tex/latex/latexconfig/hyperref.cfg
File: hyperref.cfg 2002/06/06 v1.2 hyperref configuration of TeXLive
)
(/usr/local/texlive/2009/texmf-dist/tex/latex/oberdiek/kvoptions.sty
Package: kvoptions 2009/08/13 v3.4 Keyval support for LaTeX options (HO)

(/usr/local/texlive/2009/texmf-dist/tex/generic/oberdiek/kvsetkeys.sty
Package: kvsetkeys 2009/07/30 v1.5 Key value parser with default handler suppor
t (HO)
))
Package hyperref Info: Option `bookmarks' set `true' on input line 2864.


Package hyperref Warning: Unexpected value `true'
(hyperref)                of option `backref' instead of
(hyperref)                `section', `slide', `page', `none',
(hyperref)                or `false' on input line 2864.

Package hyperref Info: Hyper figures OFF on input line 2975.
Package hyperref Info: Link nesting OFF on input line 2980.
Package hyperref Info: Hyper index ON on input line 2983.
Package hyperref Info: Plain pages OFF on input line 2990.
Package hyperref Info: Backreferencing OFF on input line 2995.
Implicit mode ON; LaTeX internals redefined
Package hyperref Info: Bookmarks ON on input line 3191.
(/usr/local/texlive/2009/texmf-dist/tex/latex/ltxmisc/url.sty
\Urlmuskip=\muskip11
Package: url 2006/04/12  ver 3.3  Verb mode for urls, etc.
)
LaTeX Info: Redefining \url on input line 3428.

(/usr/local/texlive/2009/texmf-dist/tex/generic/oberdiek/bitset.sty
Package: bitset 2007/09/28 v1.0 Data type bit set (HO)

(/usr/local/texlive/2009/texmf-dist/tex/generic/oberdiek/intcalc.sty
Package: intcalc 2007/09/27 v1.1 Expandable integer calculations (HO)
)
(/usr/local/texlive/2009/texmf-dist/tex/generic/oberdiek/bigintcalc.sty
Package: bigintcalc 2007/11/11 v1.1 Expandable big integer calculations (HO)
))
\Fld@menulength=\count137
\Field@Width=\dimen143
\Fld@charsize=\dimen144
\Field@toks=\toks33
Package hyperref Info: Hyper figures OFF on input line 4377.
Package hyperref Info: Link nesting OFF on input line 4382.
Package hyperref Info: Hyper index ON on input line 4385.
Package hyperref Info: backreferencing OFF on input line 4392.
Package hyperref Info: Link coloring OFF on input line 4397.
Package hyperref Info: Link coloring with OCG OFF on input line 4402.
Package hyperref Info: PDF/A mode OFF on input line 4407.

(/usr/local/texlive/2009/texmf-dist/tex/generic/oberdiek/atbegshi.sty
Package: atbegshi 2008/07/31 v1.9 At begin shipout hook (HO)
)
\Hy@abspage=\count138
\c@Item=\count139
\c@Hfootnote=\count140
)
*hyperref using default driver hpdftex*
(/usr/local/texlive/2009/texmf-dist/tex/latex/hyperref/hpdftex.def
File: hpdftex.def 2009/10/09 v6.79a Hyperref driver for pdfTeX
\Fld@listcount=\count141
)
Package hyperref Info: Option `colorlinks' set `true' on input line 27.
Package hyperref Info: Option `pageanchor' set `true' on input line 27.
Package hyperref Info: Option `plainpages' set `false' on input line 27.
Package hyperref Info: Option `linktocpage' set `true' on input line 27.

(./dissertation.aux)
\openout1 = `dissertation.aux'.

LaTeX Font Info:    Checking defaults for OML/cmm/m/it on input line 95.
LaTeX Font Info:    ... okay on input line 95.
LaTeX Font Info:    Checking defaults for T1/cmr/m/n on input line 95.
LaTeX Font Info:    ... okay on input line 95.
LaTeX Font Info:    Checking defaults for OT1/cmr/m/n on input line 95.
LaTeX Font Info:    ... okay on input line 95.
LaTeX Font Info:    Checking defaults for OMS/cmsy/m/n on input line 95.
LaTeX Font Info:    ... okay on input line 95.
LaTeX Font Info:    Checking defaults for OMX/cmex/m/n on input line 95.
LaTeX Font Info:    ... okay on input line 95.
LaTeX Font Info:    Checking defaults for U/cmr/m/n on input line 95.
LaTeX Font Info:    ... okay on input line 95.
LaTeX Font Info:    Checking defaults for PD1/pdf/m/n on input line 95.
LaTeX Font Info:    ... okay on input line 95.
LaTeX Font Info:    Try loading font information for OT1+ptm on input line 95.

(/usr/local/texlive/2009/texmf-dist/tex/latex/psnfss/ot1ptm.fd
File: ot1ptm.fd 2001/06/04 font definitions for OT1/ptm.
)
(/usr/local/texlive/2009/texmf-dist/tex/context/base/supp-pdf.mkii
[Loading MPS to PDF converter (version 2006.09.02).]
\scratchcounter=\count142
\scratchdimen=\dimen145
\scratchbox=\box35
\nofMPsegments=\count143
\nofMParguments=\count144
\everyMPshowfont=\toks34
\MPscratchCnt=\count145
\MPscratchDim=\dimen146
\MPnumerator=\count146
\everyMPtoPDFconversion=\toks35
)
Preview: Fontsize 12pt
Preview: PDFoutput 1
Package caption Info: Begin \AtBeginDocument code.
Package caption Info: hyperref package is loaded.
Package caption Info: subfigure package is loaded.
Package caption Info: End \AtBeginDocument code.
Package hyperref Info: Link coloring ON on input line 95.
(/usr/local/texlive/2009/texmf-dist/tex/latex/hyperref/nameref.sty
Package: nameref 2007/05/29 v2.31 Cross-referencing by name of section

(/usr/local/texlive/2009/texmf-dist/tex/latex/oberdiek/refcount.sty
Package: refcount 2008/08/11 v3.1 Data extraction from references (HO)
)
\c@section@level=\count147
)
LaTeX Info: Redefining \ref on input line 95.
LaTeX Info: Redefining \pageref on input line 95.

(./dissertation.out) (./dissertation.out)
\@outlinefile=\write4
\openout4 = `dissertation.out'.

\AtBeginShipoutBox=\box36
LaTeX Font Info:    Try loading font information for OT1+ztmcm on input line 13
6.

(/usr/local/texlive/2009/texmf-dist/tex/latex/psnfss/ot1ztmcm.fd
File: ot1ztmcm.fd 2000/01/03 Fontinst v1.801 font definitions for OT1/ztmcm.
)
LaTeX Font Info:    Try loading font information for OML+ztmcm on input line 13
6.

(/usr/local/texlive/2009/texmf-dist/tex/latex/psnfss/omlztmcm.fd
File: omlztmcm.fd 2000/01/03 Fontinst v1.801 font definitions for OML/ztmcm.
)
LaTeX Font Info:    Try loading font information for OMS+ztmcm on input line 13
6.

(/usr/local/texlive/2009/texmf-dist/tex/latex/psnfss/omsztmcm.fd
File: omsztmcm.fd 2000/01/03 Fontinst v1.801 font definitions for OMS/ztmcm.
)
LaTeX Font Info:    Try loading font information for OMX+ztmcm on input line 13
6.

(/usr/local/texlive/2009/texmf-dist/tex/latex/psnfss/omxztmcm.fd
File: omxztmcm.fd 2000/01/03 Fontinst v1.801 font definitions for OMX/ztmcm.
)
LaTeX Font Info:    Font shape `OT1/ptm/bx/n' in size <12> not available
(Font)              Font shape `OT1/ptm/b/n' tried instead on input line 136.
LaTeX Font Info:    Font shape `OT1/ptm/bx/n' in size <9> not available
(Font)              Font shape `OT1/ptm/b/n' tried instead on input line 136.
LaTeX Font Info:    Font shape `OT1/ptm/bx/n' in size <7> not available
(Font)              Font shape `OT1/ptm/b/n' tried instead on input line 136.
 [1

{/usr/local/texlive/2009/texmf-var/fonts/map/pdftex/updmap/pdftex.map}]
LaTeX Font Info:    Try loading font information for OMS+ptm on input line 138.


(/usr/local/texlive/2009/texmf-dist/tex/latex/psnfss/omsptm.fd
File: omsptm.fd 
)
LaTeX Font Info:    Font shape `OMS/ptm/m/n' in size <12> not available
(Font)              Font shape `OMS/cmsy/m/n' tried instead on input line 138.
 [2] [3]
(./dissertation.toc [4])
\tf@toc=\write5
\openout5 = `dissertation.toc'.

 [5]

Package hyperref Warning: No destination for bookmark of \addcontentsline,
(hyperref)                destination is added on input line 149.


Package hyperref Warning: bookmark level for unknown bodychapter defaults to 0.


(./dissertation.lof
Overfull \hbox (1.79306pt too wide) in paragraph at lines 14--14
[]|\OT1/ptm/m/n/12 FIGURE  4:  The in-ter-face for the cur-rent im-ple-men-ta-t
ion of Vi-su-al-iza-tion Primitives.| 
 []

[6])
\tf@lof=\write6
\openout6 = `dissertation.lof'.

 [7] (./dissertation.lot)
\tf@lot=\write7
\openout7 = `dissertation.lot'.

 [8] (./chapters/chapter1.tex
Overfull \hbox (19.42174pt too wide) in paragraph at lines 4--9
[]\OT1/ptm/m/n/12 Creating new types of vi-su-al-iza-tion in-vari-ably re-quire
s pro-gram-ming. Tools like Tableau [[]]
 []

[1

]

pdfTeX warning: /usr/texbin/pdflatex (file ./images/primitive.pdf): PDF inclusi
on: found PDF version <1.5>, but at most version <1.4> allowed
<images/primitive.pdf, id=281, 343.48825pt x 120.52226pt>
File: images/primitive.pdf Graphic file (type pdf)

<use images/primitive.pdf>) (./chapters/chapter2.tex [2 <./images/primitive.pdf
>]

Package hyperref Warning: bookmark level for unknown bodysection defaults to 0.



Overfull \hbox (24.31673pt too wide) in paragraph at lines 10--15
[]\OT1/ptm/m/n/12 Information vi-su-al-iza-tion is mostly un-der-stood as the v
i-su-al-iza-tion of dis-crete data points [[]].
 []

[3

] [4] [5]

LaTeX Warning: Citation `scholtz2006beyond' on page 6 undefined on input line 6
4.

[6]) (./chapters/chapter3.tex [7]pdfTeX warning (ext4): destination with the sa
me identifier (name{bodysection.1}) has been already used, duplicate ignored
<to be read again> 
                   \relax 
l.7 ...ection{The Information Visualization Model}
                                                   [8

]pdfTeX warning (ext4): destination with the same identifier (name{bodysection.
2}) has been already used, duplicate ignored
<to be read again> 
                   \relax 
l.25 \bodysection{Cognitive Models}
                                    [9]) (./chapters/chapter4.tex [10]pdfTeX wa
rning (ext4): destination with the same identifier (name{bodysection.1}) has be
en already used, duplicate ignored
<to be read again> 
                   \relax 
l.14 \bodysection{Prototypes}
                              [11

]pdfTeX warning (ext4): destination with the same identifier (name{bodysection.
2}) has been already used, duplicate ignored
<to be read again> 
                   \relax 
l.37 \bodysection{Visual Properties}
                                     [12]

Package hyperref Warning: bookmark level for unknown bodysubsection defaults to
 0.

[13]pdfTeX warning (ext4): destination with the same identifier (name{bodysecti
on.3}) has been already used, duplicate ignored
<to be read again> 
                   \relax 
l.69 \bodysection{Iteration}
                             [14]pdfTeX warning (ext4): destination with the sa
me identifier (name{bodysubsection.1}) has been already used, duplicate ignored

<to be read again> 
                   \relax 
l.98 \bodysubsection{Mappings}
                               [15]
<images/vieVisu.png, id=595, 981.6675pt x 727.71875pt>
File: images/vieVisu.png Graphic file (type png)

<use images/vieVisu.png> [16]

pdfTeX warning: /usr/texbin/pdflatex (file ./images/layout.pdf): PDF inclusion:
 found PDF version <1.5>, but at most version <1.4> allowed
<images/layout.pdf, id=602, 343.48825pt x 120.52226pt>
File: images/layout.pdf Graphic file (type pdf)
 <use images/layout.pdf>
[17 <./images/vieVisu.png (PNG copy)>]) (./chapters/chapter5.tex [18 <./images/
layout.pdf>] [19

]

pdfTeX warning: /usr/texbin/pdflatex (file ./images/interface.pdf): PDF inclusi
on: found PDF version <1.5>, but at most version <1.4> allowed
<images/interface.pdf, id=806, 560.63652pt x 296.02094pt>
File: images/interface.pdf Graphic file (type pdf)

<use images/interface.pdf>pdfTeX warning (ext4): destination with the same iden
tifier (name{bodysection.1}) has been already used, duplicate ignored
<to be read again> 
                   \relax 
l.36 \bodysection{Bar Chart}
                             [20 <./images/interface.pdf>]

pdfTeX warning: /usr/texbin/pdflatex (file ./images/stackedBar.pdf): PDF inclus
ion: found PDF version <1.5>, but at most version <1.4> allowed
<images/stackedBar.pdf, id=1032, 491.8375pt x 468.75125pt>
File: images/stackedBar.pdf Graphic file (type pdf)

<use images/stackedBar.pdf>

pdfTeX warning: /usr/texbin/pdflatex (file ./images/groupedBar.pdf): PDF inclus
ion: found PDF version <1.5>, but at most version <1.4> allowed
<images/groupedBar.pdf, id=1034, 491.8375pt x 468.75125pt>
File: images/groupedBar.pdf Graphic file (type pdf)

<use images/groupedBar.pdf>pdfTeX warning (ext4): destination with the same ide
ntifier (name{bodysection.2}) has been already used, duplicate ignored
<to be read again> 
                   \relax 
l.74 \bodysection{Scatterplot}
                               [21 <./images/stackedBar.pdf> <./images/groupedB
ar.pdf>]

pdfTeX warning: /usr/texbin/pdflatex (file ./images/scatterplot.pdf): PDF inclu
sion: found PDF version <1.5>, but at most version <1.4> allowed
<images/scatterplot.pdf, id=1568, 1084.68237pt x 266.1443pt>
File: images/scatterplot.pdf Graphic file (type pdf)

<use images/scatterplot.pdf>pdfTeX warning (ext4): destination with the same id
entifier (name{bodysection.3}) has been already used, duplicate ignored
<to be read again> 
                   \relax 
l.100 \bodysection{Line Chart}
                               [22 <./images/scatterplot.pdf>]

pdfTeX warning: /usr/texbin/pdflatex (file ./images/lineChart.pdf): PDF inclusi
on: found PDF version <1.5>, but at most version <1.4> allowed
<images/lineChart.pdf, id=2481, 1084.68237pt x 266.1443pt>
File: images/lineChart.pdf Graphic file (type pdf)

<use images/lineChart.pdf>pdfTeX warning (ext4): destination with the same iden
tifier (name{bodysection.4}) has been already used, duplicate ignored
<to be read again> 
                   \relax 
l.133 \bodysection{Heat Maps}
                             

pdfTeX warning: /usr/texbin/pdflatex (file ./images/heatMap.pdf): PDF inclusion
: found PDF version <1.5>, but at most version <1.4> allowed
<images/heatMap.pdf, id=2485, 650.43pt x 670.505pt>
File: images/heatMap.pdf Graphic file (type pdf)
 <use images/heatMap.pdf>
[23]pdfTeX warning (ext4): destination with the same identifier (name{bodysecti
on.5}) has been already used, duplicate ignored
<to be read again> 
                   \relax 
l.152 \bodysection{Waterfall Chart}
                                   

pdfTeX warning: /usr/texbin/pdflatex (file ./images/presidents.pdf): PDF inclus
ion: found PDF version <1.5>, but at most version <1.4> allowed
<images/presidents.pdf, id=2494, 1245.00128pt x 736.7525pt>
File: images/presidents.pdf Graphic file (type pdf)

<use images/presidents.pdf> [24 <./images/lineChart.pdf>]

pdfTeX warning: /usr/texbin/pdflatex (file ./images/cars.pdf): PDF inclusion: f
ound PDF version <1.5>, but at most version <1.4> allowed
<images/cars.pdf, id=2621, 672.80559pt x 754.82pt>
File: images/cars.pdf Graphic file (type pdf)
 <use images/cars.pdf>
[25 <./images/heatMap.pdf>]) (./chapters/chapter6.tex [26 <./images/presidents.
pdf>] [27 <./images/cars.pdf>]
Missing character: There is no Õ in font ptmr7t!
Missing character: There is no Ò in font ptmr7t!
Missing character: There is no Ó in font ptmr7t!
 [28

]pdfTeX warning (ext4): destination with the same identifier (name{bodysection.
1}) has been already used, duplicate ignored
<to be read again> 
                   \relax 
l.36 \bodysection{Materials}
                            
Overfull \hbox (28.28806pt too wide) in paragraph at lines 40--41
[]\OT1/ptm/m/n/12 The ma-te-ri-als used in this ex-per-i-ment con-sist of three
 main el-e-ments: the dataset, visualization-
 []

[29] [30]pdfTeX warning (ext4): destination with the same identifier (name{body
section.2}) has been already used, duplicate ignored
<to be read again> 
                   \relax 
l.87 \bodysection{Procedure}
                            
Overfull \hbox (77.51581pt too wide) in paragraph at lines 90--93
[]\OT1/ptm/m/n/12 Participants were re-cruited via ad-ver-tis-ing on Twit-ter t
o the URL [][]$\OT1/cmtt/m/n/12 http : / / visualizationprimitives .
 []

[31]

pdfTeX warning: /usr/texbin/pdflatex (file ./images/tutorialResult.pdf): PDF in
clusion: found PDF version <1.5>, but at most version <1.4> allowed
<images/tutorialResult.pdf, id=21456, 631.25435pt x 108.9912pt>
File: images/tutorialResult.pdf Graphic file (type pdf)

<use images/tutorialResult.pdf> [32 <./images/tutorialResult.pdf>]pdfTeX warnin
g (ext4): destination with the same identifier (name{bodysection.3}) has been a
lready used, duplicate ignored
<to be read again> 
                   \relax 
l.115 \bodysection{Results}
                            [33]

pdfTeX warning: /usr/texbin/pdflatex (file ./images/histograms/collaboration.pd
f): PDF inclusion: found PDF version <1.5>, but at most version <1.4> allowed
<images/histograms/collaboration.pdf, id=21618, 250.43562pt x 264.98898pt>
File: images/histograms/collaboration.pdf Graphic file (type pdf)

<use images/histograms/collaboration.pdf>

pdfTeX warning: /usr/texbin/pdflatex (file ./images/histograms/engagement.pdf):
 PDF inclusion: found PDF version <1.5>, but at most version <1.4> allowed
<images/histograms/engagement.pdf, id=21620, 250.43562pt x 264.98898pt>
File: images/histograms/engagement.pdf Graphic file (type pdf)

<use images/histograms/engagement.pdf>

pdfTeX warning: /usr/texbin/pdflatex (file ./images/histograms/exploration.pdf)
: PDF inclusion: found PDF version <1.5>, but at most version <1.4> allowed
<images/histograms/exploration.pdf, id=21622, 250.43562pt x 264.98898pt>
File: images/histograms/exploration.pdf Graphic file (type pdf)

<use images/histograms/exploration.pdf>

pdfTeX warning: /usr/texbin/pdflatex (file ./images/histograms/expressiveness.p
df): PDF inclusion: found PDF version <1.5>, but at most version <1.4> allowed
<images/histograms/expressiveness.pdf, id=21624, 250.43562pt x 264.98898pt>
File: images/histograms/expressiveness.pdf Graphic file (type pdf)

<use images/histograms/expressiveness.pdf>

pdfTeX warning: /usr/texbin/pdflatex (file ./images/histograms/tradeoff.pdf): P
DF inclusion: found PDF version <1.5>, but at most version <1.4> allowed
<images/histograms/tradeoff.pdf, id=21626, 250.43562pt x 264.98898pt>
File: images/histograms/tradeoff.pdf Graphic file (type pdf)

<use images/histograms/tradeoff.pdf>

pdfTeX warning: /usr/texbin/pdflatex (file ./images/histograms/transparency.pdf
): PDF inclusion: found PDF version <1.5>, but at most version <1.4> allowed
<images/histograms/transparency.pdf, id=21628, 250.43562pt x 264.98898pt>
File: images/histograms/transparency.pdf Graphic file (type pdf)

<use images/histograms/transparency.pdf>pdfTeX warning (ext4): destination with
 the same identifier (name{bodysubsection.1}) has been already used, duplicate 
ignored
<to be read again> 
                   \relax 
l.178 ...ection{Experience and Creativity Support}
                                                  
Missing character: There is no Ê in font ptmr7t!
Missing character: There is no Ê in font ptmr7t!
Missing character: There is no Ê in font ptmr7t!
Missing character: There is no Ê in font ptmr7t!
Missing character: There is no Ê in font ptmr7t!
Missing character: There is no Ê in font ptmr7t!
Missing character: There is no Ê in font ptmr7t!
Missing character: There is no Ê in font ptmr7t!
Missing character: There is no Ê in font ptmr7t!
Missing character: There is no Ê in font ptmr7t!
Missing character: There is no Ê in font ptmr7t!
Missing character: There is no Ê in font ptmr7t!
Missing character: There is no Ê in font ptmr7t!
Missing character: There is no Ê in font ptmr7t!
Missing character: There is no Ê in font ptmr7t!
Missing character: There is no Ê in font ptmr7t!
Missing character: There is no Ê in font ptmr7t!
Missing character: There is no Ê in font ptmr7t!
Missing character: There is no Ê in font ptmr7t!
Missing character: There is no Ê in font ptmr7t!
Missing character: There is no Ê in font ptmr7t!
Missing character: There is no Ê in font ptmr7t!
Missing character: There is no Ê in font ptmr7t!
Missing character: There is no Ê in font ptmr7t!
Missing character: There is no Ê in font ptmr7t!
Missing character: There is no Ê in font ptmr7t!
Missing character: There is no Ê in font ptmr7t!
Missing character: There is no Ê in font ptmr7t!
Missing character: There is no Ê in font ptmr7t!
Missing character: There is no Ê in font ptmr7t!
Missing character: There is no Ê in font ptmr7t!
Missing character: There is no Ê in font ptmr7t!
Missing character: There is no Ê in font ptmr7t!
Missing character: There is no Ê in font ptmr7t!
Missing character: There is no Ê in font ptmr7t!
Missing character: There is no Ê in font ptmr7t!
Missing character: There is no Ê in font ptmr7t!
Missing character: There is no Ê in font ptmr7t!
Missing character: There is no Ê in font ptmr7t!
Missing character: There is no Ê in font ptmr7t!
Missing character: There is no Ê in font ptmr7t!
Missing character: There is no Ê in font ptmr7t!
Missing character: There is no Ê in font ptmr7t!
Missing character: There is no Ê in font ptmr7t!
Missing character: There is no Ê in font ptmr7t!
Missing character: There is no Ê in font ptmr7t!
Missing character: There is no Ê in font ptmr7t!
Missing character: There is no Ê in font ptmr7t!
Missing character: There is no Ê in font ptmr7t!
Missing character: There is no Ê in font ptmr7t!
Missing character: There is no Ê in font ptmr7t!
Missing character: There is no Ê in font ptmr7t!
Missing character: There is no Ê in font ptmr7t!
Missing character: There is no Ê in font ptmr7t!
Missing character: There is no Ê in font ptmr7t!
Missing character: There is no Ê in font ptmr7t!
Missing character: There is no Ê in font ptmr7t!
Missing character: There is no Ê in font ptmr7t!
Missing character: There is no Ê in font ptmr7t!
Missing character: There is no Ê in font ptmr7t!
Missing character: There is no Ê in font ptmr7t!
Missing character: There is no Ê in font ptmr7t!
Missing character: There is no Ê in font ptmr7t!
Missing character: There is no Ê in font ptmr7t!
Missing character: There is no Ê in font ptmr7t!
Missing character: There is no Ê in font ptmr7t!
Missing character: There is no Ê in font ptmr7t!
Missing character: There is no Ê in font ptmr7t!
Missing character: There is no Ê in font ptmr7t!
Missing character: There is no Ê in font ptmr7t!
Missing character: There is no Ê in font ptmr7t!
Missing character: There is no Ê in font ptmr7t!
Missing character: There is no Ê in font ptmr7t!
Missing character: There is no Ê in font ptmr7t!
Missing character: There is no Ê in font ptmr7t!
Missing character: There is no Ê in font ptmr7t!
Missing character: There is no Ê in font ptmr7t!
Missing character: There is no Ê in font ptmr7t!
Missing character: There is no Ê in font ptmr7t!
Missing character: There is no Ê in font ptmr7t!
Missing character: There is no Ê in font ptmr7t!
Missing character: There is no Ê in font ptmr7t!
Missing character: There is no Ê in font ptmr7t!
Missing character: There is no Ê in font ptmr7t!
Missing character: There is no Ê in font ptmr7t!
Missing character: There is no Ê in font ptmr7t!
Missing character: There is no Ê in font ptmr7t!
Missing character: There is no Ê in font ptmr7t!
Missing character: There is no Ê in font ptmr7t!
Missing character: There is no Ê in font ptmr7t!
Missing character: There is no Ê in font ptmr7t!
Missing character: There is no Ê in font ptmr7t!
Missing character: There is no Ê in font ptmr7t!
Missing character: There is no Ê in font ptmr7t!
Missing character: There is no Ê in font ptmr7t!
Missing character: There is no Ê in font ptmr7t!
Missing character: There is no Ê in font ptmr7t!
Missing character: There is no Ê in font ptmr7t!
Missing character: There is no Ê in font ptmr7t!
Missing character: There is no Ê in font ptmr7t!
Missing character: There is no Ê in font ptmr7t!
Missing character: There is no Ê in font ptmr7t!
Missing character: There is no Ê in font ptmr7t!
Missing character: There is no Ê in font ptmr7t!
Missing character: There is no Ê in font ptmr7t!
Missing character: There is no Ê in font ptmr7t!
Missing character: There is no Ê in font ptmr7t!
Missing character: There is no Ê in font ptmr7t!
Missing character: There is no Ê in font ptmr7t!
Missing character: There is no Ê in font ptmr7t!
Missing character: There is no Ê in font ptmr7t!
Missing character: There is no Ê in font ptmr7t!
Missing character: There is no Ê in font ptmr7t!
Missing character: There is no Ê in font ptmr7t!
Missing character: There is no Ê in font ptmr7t!
Missing character: There is no Ê in font ptmr7t!
Missing character: There is no Ê in font ptmr7t!
Missing character: There is no Ê in font ptmr7t!
Missing character: There is no Ê in font ptmr7t!
Missing character: There is no Ê in font ptmr7t!
Missing character: There is no Ê in font ptmr7t!
Missing character: There is no Ê in font ptmr7t!
Missing character: There is no Ê in font ptmr7t!
Missing character: There is no Ê in font ptmr7t!
Missing character: There is no Ê in font ptmr7t!
Missing character: There is no Ê in font ptmr7t!
Missing character: There is no Ê in font ptmr7t!
Missing character: There is no Ê in font ptmr7t!
Missing character: There is no Ê in font ptmr7t!
Missing character: There is no Ê in font ptmr7t!


pdfTeX warning: /usr/texbin/pdflatex (file ./images/gallery/svg-lCMWzs3C-77-aut
o2.pdf): PDF inclusion: found PDF version <1.5>, but at most version <1.4> allo
wed

<images/gallery/svg-lCMWzs3C-77-auto2.pdf, id=21632, 581.22847pt x 414.30583pt>
File: images/gallery/svg-lCMWzs3C-77-auto2.pdf Graphic file (type pdf)
<use images/gallery/svg-lCMWzs3C-77-auto2.pdf>

pdfTeX warning: /usr/texbin/pdflatex (file ./images/gallery/svg-iBaorUUg-69-aut
o2.pdf): PDF inclusion: found PDF version <1.5>, but at most version <1.4> allo
wed

<images/gallery/svg-iBaorUUg-69-auto2.pdf, id=21634, 105.95886pt x 99.93295pt>
File: images/gallery/svg-iBaorUUg-69-auto2.pdf Graphic file (type pdf)

<use images/gallery/svg-iBaorUUg-69-auto2.pdf>

pdfTeX warning: /usr/texbin/pdflatex (file ./images/gallery/svg-HKI5oDTV-30-aut
o2.pdf): PDF inclusion: found PDF version <1.5>, but at most version <1.4> allo
wed

<images/gallery/svg-HKI5oDTV-30-auto2.pdf, id=21636, 445.00754pt x 115.51758pt>
File: images/gallery/svg-HKI5oDTV-30-auto2.pdf Graphic file (type pdf)
<use images/gallery/svg-HKI5oDTV-30-auto2.pdf>

pdfTeX warning: /usr/texbin/pdflatex (file ./images/gallery/svg-kJfnjNbc-4-auto
2.pdf): PDF inclusion: found PDF version <1.5>, but at most version <1.4> allow
ed
<images/gallery/svg-kJfnjNbc-4-auto2.pdf, id=21638, 669.4009pt x 54.23532pt>
File: images/gallery/svg-kJfnjNbc-4-auto2.pdf Graphic file (type pdf)

<use images/gallery/svg-kJfnjNbc-4-auto2.pdf>

pdfTeX warning: /usr/texbin/pdflatex (file ./images/gallery/svg-lCMWzs3C-26-aut
o2.pdf): PDF inclusion: found PDF version <1.5>, but at most version <1.4> allo
wed

<images/gallery/svg-lCMWzs3C-26-auto2.pdf, id=21640, 512.36116pt x 71.45245pt>
File: images/gallery/svg-lCMWzs3C-26-auto2.pdf Graphic file (type pdf)

<use images/gallery/svg-lCMWzs3C-26-auto2.pdf>

pdfTeX warning: /usr/texbin/pdflatex (file ./images/gallery/svg-UBDlMBE2-29-aut
o2.pdf): PDF inclusion: found PDF version <1.5>, but at most version <1.4> allo
wed

<images/gallery/svg-UBDlMBE2-29-auto2.pdf, id=21642, 585.06078pt x 137.05405pt>
File: images/gallery/svg-UBDlMBE2-29-auto2.pdf Graphic file (type pdf)
<use images/gallery/svg-UBDlMBE2-29-auto2.pdf>

pdfTeX warning: /usr/texbin/pdflatex (file ./images/gallery/svg-47GM6Lk3-87-aut
o2.pdf): PDF inclusion: found PDF version <1.5>, but at most version <1.4> allo
wed

<images/gallery/svg-47GM6Lk3-87-auto2.pdf, id=21644, 441.40108pt x 532.2595pt>
File: images/gallery/svg-47GM6Lk3-87-auto2.pdf Graphic file (type pdf)

<use images/gallery/svg-47GM6Lk3-87-auto2.pdf>

pdfTeX warning: /usr/texbin/pdflatex (file ./images/gallery/svg-47GM6Lk3-61-aut
o2.pdf): PDF inclusion: found PDF version <1.5>, but at most version <1.4> allo
wed

<images/gallery/svg-47GM6Lk3-61-auto2.pdf, id=21647, 402.71153pt x 531.67334pt>
File: images/gallery/svg-47GM6Lk3-61-auto2.pdf Graphic file (type pdf)
<use images/gallery/svg-47GM6Lk3-61-auto2.pdf> [34 <./images/histograms/collabo
ration.pdf> <./images/histograms/engagement.pdf> <./images/histograms/explorati
on.pdf> <./images/histograms/expressiveness.pdf> <./images/histograms/tradeoff.
pdf> <./images/histograms/transparency.pdf>] [35 <./images/gallery/svg-lCMWzs3C
-77-auto2.pdf> <./images/gallery/svg-iBaorUUg-69-auto2.pdf> <./images/gallery/s
vg-HKI5oDTV-30-auto2.pdf> <./images/gallery/svg-kJfnjNbc-4-auto2.pdf> <./images
/gallery/svg-lCMWzs3C-26-auto2.pdf> <./images/gallery/svg-UBDlMBE2-29-auto2.pdf
> <./images/gallery/svg-47GM6Lk3-87-auto2.pdf> <./images/gallery/svg-47GM6Lk3-6
1-auto2.pdf>]pdfTeX warning (ext4): destination with the same identifier (name{
bodysubsection.2}) has been already used, duplicate ignored
<to be read again> 
                   \relax 
l.251 \bodysubsection{Experience and Productivity}
                                                   [36])
(./chapters/chapter7.tex [37] [38

]pdfTeX warning (ext4): destination with the same identifier (name{bodysection.
1}) has been already used, duplicate ignored
<to be read again> 
                   \relax 
l.23 \bodysection{Lessons Learned}
                                   [39]pdfTeX warning (ext4): destination with 
the same identifier (name{bodysection.2}) has been already used, duplicate igno
red
<to be read again> 
                   \relax 
l.45 \bodysection{Interface Improvements}
                                         pdfTeX warning (ext4): destination wit
h the same identifier (name{bodysubsection.1}) has been already used, duplicate
 ignored
<to be read again> 
                   \relax 
l.50 \bodysubsection{Default Values}
                                     [40]pdfTeX warning (ext4): destination wit
h the same identifier (name{bodysubsection.2}) has been already used, duplicate
 ignored
<to be read again> 
                   \relax 
l.64 \bodysubsection{Primitives Graph}
                                       [41]pdfTeX warning (ext4): destination w
ith the same identifier (name{bodysubsection.3}) has been already used, duplica
te ignored
<to be read again> 
                   \relax 
l.81 ...subsection{Connections Between Primitives}
                                                   [42]pdfTeX warning (ext4): d
estination with the same identifier (name{bodysubsection.4}) has been already u
sed, duplicate ignored
<to be read again> 
                   \relax 
l.99 \bodysubsection{Set of Primitives}
                                        [43]) (./chapters/chapter8.tex [44]
[45

] [46]) (./chapters/chapter9.tex [47]) [48

] [49] (./dissertation.bbl
[50]
Missing character: There is no â in font ptmr7t!
Missing character: There is no € in font ptmr7t!
Missing character: There is no ™ in font ptmr7t!

Underfull \hbox (badness 10000) in paragraph at lines 160--163
[]\OT1/ptm/m/n/12 B. Vic-tor.  Draw-ing Dy-namic Vi-su-al-iza-tions.
 []

[51]) [52] (./dissertation.aux)

LaTeX Warning: There were undefined references.


LaTeX Warning: Label(s) may have changed. Rerun to get cross-references right.

 ) 
Here is how much of TeX's memory you used:
 9895 strings out of 493848
 143073 string characters out of 3149207
 252403 words of memory out of 3000000
 12740 multiletter control sequences out of 15000+200000
 22726 words of font info for 55 fonts, out of 3000000 for 9000
 714 hyphenation exceptions out of 8191
 53i,8n,92p,730b,447s stack positions out of 5000i,500n,10000p,200000b,50000s
pdfTeX warning (dest): name{bodysubsubsection.5} has been referenced but does
 not exist, replaced by a fixed one

pdfTeX warning (dest): name{bodysubsubsection.4} has been referenced but does n
ot exist, replaced by a fixed one

pdfTeX warning (dest): name{bodysubsubsection.3} has been referenced but does n
ot exist, replaced by a fixed one

pdfTeX warning (dest): name{bodysubsection.6} has been referenced but does not 
exist, replaced by a fixed one

pdfTeX warning (dest): name{bodysubsubsection.2} has been referenced but does n
ot exist, replaced by a fixed one

pdfTeX warning (dest): name{bodysubsubsection.1} has been referenced but does n
ot exist, replaced by a fixed one

{/usr/local/texlive/2009/texmf-dist/fonts/enc/dvips/base/8r.enc}</usr/local/tex
live/2009/texmf-dist/fonts/type1/public/amsfonts/cm/cmmi10.pfb></usr/local/texl
ive/2009/texmf-dist/fonts/type1/public/amsfonts/cm/cmr10.pfb></usr/local/texliv
e/2009/texmf-dist/fonts/type1/public/amsfonts/cm/cmsy10.pfb></usr/local/texlive
/2009/texmf-dist/fonts/type1/public/amsfonts/cm/cmtt12.pfb></usr/local/texlive/
2009/texmf-dist/fonts/type1/urw/times/utmb8a.pfb></usr/local/texlive/2009/texmf
-dist/fonts/type1/urw/times/utmr8a.pfb></usr/local/texlive/2009/texmf-dist/font
s/type1/urw/times/utmri8a.pfb>
Output written on dissertation.pdf (60 pages, 10115027 bytes).
PDF statistics:
 24019 PDF objects out of 26593 (max. 8388607)
 152 named destinations out of 1000 (max. 500000)
 491 words of extra memory for PDF output out of 10000 (max. 10000000)

